TN:
SF:/Users/jayson.guk/Desktop/personal/project/TDD_for_React/src/app.jsx
FN:8,(anonymous_0)
FN:11,(anonymous_1)
FN:15,(anonymous_2)
FN:19,(anonymous_3)
FN:23,(anonymous_4)
FN:27,(anonymous_5)
FN:33,(anonymous_6)
FNF:7
FNH:0
FNDA:0,(anonymous_0)
FNDA:0,(anonymous_1)
FNDA:0,(anonymous_2)
FNDA:0,(anonymous_3)
FNDA:0,(anonymous_4)
FNDA:0,(anonymous_5)
FNDA:0,(anonymous_6)
DA:8,0
DA:9,0
DA:11,0
DA:12,0
DA:15,0
DA:16,0
DA:19,0
DA:20,0
DA:23,0
DA:24,0
DA:27,0
DA:28,0
DA:31,0
DA:33,0
LF:14
LH:0
BRF:0
BRH:0
end_of_record
TN:
SF:/Users/jayson.guk/Desktop/personal/project/TDD_for_React/src/index.js
FNF:0
FNH:0
DA:8,0
DA:14,0
LF:2
LH:0
BRF:0
BRH:0
end_of_record
TN:
SF:/Users/jayson.guk/Desktop/personal/project/TDD_for_React/src/api/habit_presenter.js
FN:2,(anonymous_0)
FN:6,(anonymous_1)
FN:9,(anonymous_2)
FN:12,(anonymous_3)
FN:13,(anonymous_4)
FN:21,(anonymous_5)
FN:22,(anonymous_6)
FN:31,(anonymous_7)
FN:32,(anonymous_8)
FN:36,(anonymous_9)
FN:44,(anonymous_10)
FN:45,(anonymous_11)
FNF:12
FNH:11
FNDA:9,(anonymous_0)
FNDA:22,(anonymous_1)
FNDA:0,(anonymous_2)
FNDA:1,(anonymous_3)
FNDA:2,(anonymous_4)
FNDA:2,(anonymous_5)
FNDA:4,(anonymous_6)
FNDA:1,(anonymous_7)
FNDA:2,(anonymous_8)
FNDA:3,(anonymous_9)
FNDA:2,(anonymous_10)
FNDA:4,(anonymous_11)
DA:3,9
DA:4,9
DA:7,22
DA:10,0
DA:13,1
DA:14,2
DA:15,1
DA:17,1
DA:19,1
DA:22,2
DA:23,4
DA:24,2
DA:25,2
DA:27,2
DA:29,2
DA:32,2
DA:33,1
DA:37,3
DA:38,1
DA:40,2
DA:41,2
DA:45,2
DA:46,4
DA:47,2
DA:49,2
DA:52,2
LF:26
LH:25
BRDA:14,0,0,1
BRDA:14,0,1,1
BRDA:23,1,0,2
BRDA:23,1,1,2
BRDA:25,2,0,1
BRDA:25,2,1,1
BRDA:37,3,0,1
BRDA:37,3,1,2
BRDA:46,4,0,2
BRDA:46,4,1,2
BRF:10
BRH:10
end_of_record
TN:
SF:/Users/jayson.guk/Desktop/personal/project/TDD_for_React/src/components/habit.jsx
FN:3,(anonymous_0)
FN:4,(anonymous_1)
FN:8,(anonymous_2)
FN:12,(anonymous_3)
FNF:4
FNH:1
FNDA:5,(anonymous_0)
FNDA:0,(anonymous_1)
FNDA:0,(anonymous_2)
FNDA:0,(anonymous_3)
DA:3,2
DA:4,5
DA:5,0
DA:8,5
DA:9,0
DA:12,5
DA:13,0
DA:16,5
LF:8
LH:5
BRF:0
BRH:0
end_of_record
TN:
SF:/Users/jayson.guk/Desktop/personal/project/TDD_for_React/src/components/habitAddForm.jsx
FN:3,(anonymous_0)
FN:7,(anonymous_1)
FNF:2
FNH:0
FNDA:0,(anonymous_0)
FNDA:0,(anonymous_1)
DA:3,1
DA:4,0
DA:5,0
DA:7,0
DA:8,0
DA:9,0
DA:10,0
DA:11,0
DA:14,0
LF:9
LH:1
BRDA:10,0,0,0
BRDA:10,0,1,0
BRF:2
BRH:0
end_of_record
TN:
SF:/Users/jayson.guk/Desktop/personal/project/TDD_for_React/src/components/habits.jsx
FN:5,(anonymous_0)
FN:10,(anonymous_1)
FNF:2
FNH:1
FNDA:5,(anonymous_0)
FNDA:0,(anonymous_1)
DA:5,1
DA:6,5
DA:11,0
LF:3
LH:2
BRF:0
BRH:0
end_of_record
TN:
SF:/Users/jayson.guk/Desktop/personal/project/TDD_for_React/src/components/navbar.jsx
FN:4,(anonymous_0)
FNF:1
FNH:0
FNDA:0,(anonymous_0)
DA:5,0
LF:1
LH:0
BRF:0
BRH:0
end_of_record
